<?xml version="1.0" encoding="UTF-8"?>
<!-- Generated by org.testng.reporters.JUnitXMLReporter -->
<testsuite hostname="LAPTOP-C2RP2P0D" ignored="0" name="Default test(failed)" tests="3" failures="0" timestamp="2023-06-02T16:23:13 IST" time="72.593" errors="0">
  <testcase name="CreateEmployee" time="9.952" classname="testNG.GetfromXL"/>
  <testcase name="EditEmployee" time="9.219" classname="testNG.GetfromXL"/>
  <testcase name="DeleteEmployee" time="8.278" classname="testNG.GetfromXL"/>
</testsuite> <!-- Default test(failed) -->
