<?xml version="1.0" encoding="UTF-8"?>
<testng-results ignored="0" total="1" passed="1" failed="0" skipped="0">
  <reporter-output>
  </reporter-output>
  <suite started-at="2025-06-24T16:02:47 IST" name="Default suite" finished-at="2025-06-24T16:02:50 IST" duration-ms="3415">
    <groups>
    </groups>
    <test started-at="2025-06-24T16:02:47 IST" name="Default test" finished-at="2025-06-24T16:02:50 IST" duration-ms="3415">
      <class name="Selenium.BrowserLauncher">
        <test-method signature="launch()[pri:0, instance:Selenium.BrowserLauncher@a530d0a]" started-at="2025-06-24T16:02:47 IST" name="launch" finished-at="2025-06-24T16:02:50 IST" duration-ms="3365" status="PASS">
          <reporter-output>
          </reporter-output>
        </test-method> <!-- launch -->
      </class> <!-- Selenium.BrowserLauncher -->
    </test> <!-- Default test -->
  </suite> <!-- Default suite -->
</testng-results>
